[2025-08-15T18:21:24.126+0000] {local_task_job_runner.py:120} INFO - ::group::Pre task execution logs
[2025-08-15T18:21:24.160+0000] {taskinstance.py:2076} INFO - Dependencies all met for dep_context=non-requeueable deps ti=<TaskInstance: dbt_athena_pipeline.dbt_run manual__2025-08-15T18:21:10.058078+00:00 [queued]>
[2025-08-15T18:21:24.170+0000] {taskinstance.py:2076} INFO - Dependencies all met for dep_context=requeueable deps ti=<TaskInstance: dbt_athena_pipeline.dbt_run manual__2025-08-15T18:21:10.058078+00:00 [queued]>
[2025-08-15T18:21:24.170+0000] {taskinstance.py:2306} INFO - Starting attempt 1 of 1
[2025-08-15T18:21:24.188+0000] {taskinstance.py:2330} INFO - Executing <Task(BashOperator): dbt_run> on 2025-08-15 18:21:10.058078+00:00
[2025-08-15T18:21:24.195+0000] {standard_task_runner.py:64} INFO - Started process 228 to run task
[2025-08-15T18:21:24.200+0000] {standard_task_runner.py:90} INFO - Running: ['***', 'tasks', 'run', 'dbt_athena_pipeline', 'dbt_run', 'manual__2025-08-15T18:21:10.058078+00:00', '--job-id', '63', '--raw', '--subdir', 'DAGS_FOLDER/dbt_athena_pipeline.py', '--cfg-path', '/tmp/tmpnoewwt0s']
[2025-08-15T18:21:24.202+0000] {standard_task_runner.py:91} INFO - Job 63: Subtask dbt_run
[2025-08-15T18:21:24.278+0000] {task_command.py:426} INFO - Running <TaskInstance: dbt_athena_pipeline.dbt_run manual__2025-08-15T18:21:10.058078+00:00 [running]> on host e1203d83167e
[2025-08-15T18:21:24.417+0000] {taskinstance.py:2648} INFO - Exporting env vars: AIRFLOW_CTX_DAG_OWNER='***' AIRFLOW_CTX_DAG_ID='dbt_athena_pipeline' AIRFLOW_CTX_TASK_ID='dbt_run' AIRFLOW_CTX_EXECUTION_DATE='2025-08-15T18:21:10.058078+00:00' AIRFLOW_CTX_TRY_NUMBER='1' AIRFLOW_CTX_DAG_RUN_ID='manual__2025-08-15T18:21:10.058078+00:00'
[2025-08-15T18:21:24.418+0000] {taskinstance.py:430} INFO - ::endgroup::
[2025-08-15T18:21:24.433+0000] {subprocess.py:63} INFO - Tmp dir root location: /tmp
[2025-08-15T18:21:24.434+0000] {subprocess.py:75} INFO - Running command: ['/usr/bin/bash', '-c', 'set -euo pipefail && cd /opt/***/dbt && /home/***/.local/bin/dbt --no-use-colors run --profiles-dir /opt/***/.dbt --target dev']
[2025-08-15T18:21:24.447+0000] {subprocess.py:86} INFO - Output:
[2025-08-15T18:21:27.790+0000] {subprocess.py:93} INFO - 18:21:27  Running with dbt=1.9.2
[2025-08-15T18:21:27.798+0000] {subprocess.py:93} INFO - 18:21:27  Encountered an error:
[2025-08-15T18:21:27.799+0000] {subprocess.py:93} INFO - Parsing Error
[2025-08-15T18:21:27.800+0000] {subprocess.py:93} INFO -   Env var required but not provided: 'S3_BUCKET'
[2025-08-15T18:21:28.900+0000] {subprocess.py:97} INFO - Command exited with return code 2
[2025-08-15T18:21:28.901+0000] {taskinstance.py:441} INFO - ::group::Post task execution logs
[2025-08-15T18:21:28.922+0000] {taskinstance.py:2905} ERROR - Task failed with exception
Traceback (most recent call last):
  File "/home/airflow/.local/lib/python3.11/site-packages/airflow/models/taskinstance.py", line 465, in _execute_task
    result = _execute_callable(context=context, **execute_callable_kwargs)
             ^^^^^^^^^^^^^^^^^^^^^^^^^^^^^^^^^^^^^^^^^^^^^^^^^^^^^^^^^^^^^
  File "/home/airflow/.local/lib/python3.11/site-packages/airflow/models/taskinstance.py", line 432, in _execute_callable
    return execute_callable(context=context, **execute_callable_kwargs)
           ^^^^^^^^^^^^^^^^^^^^^^^^^^^^^^^^^^^^^^^^^^^^^^^^^^^^^^^^^^^^
  File "/home/airflow/.local/lib/python3.11/site-packages/airflow/models/baseoperator.py", line 401, in wrapper
    return func(self, *args, **kwargs)
           ^^^^^^^^^^^^^^^^^^^^^^^^^^^
  File "/home/airflow/.local/lib/python3.11/site-packages/airflow/operators/bash.py", line 243, in execute
    raise AirflowException(
airflow.exceptions.AirflowException: Bash command failed. The command returned a non-zero exit code 2.
[2025-08-15T18:21:28.928+0000] {taskinstance.py:1206} INFO - Marking task as FAILED. dag_id=dbt_athena_pipeline, task_id=dbt_run, run_id=manual__2025-08-15T18:21:10.058078+00:00, execution_date=20250815T182110, start_date=20250815T182124, end_date=20250815T182128
[2025-08-15T18:21:28.947+0000] {standard_task_runner.py:110} ERROR - Failed to execute job 63 for task dbt_run (Bash command failed. The command returned a non-zero exit code 2.; 228)
[2025-08-15T18:21:28.967+0000] {local_task_job_runner.py:243} INFO - Task exited with return code 1
[2025-08-15T18:21:28.998+0000] {taskinstance.py:3503} INFO - 0 downstream tasks scheduled from follow-on schedule check
[2025-08-15T18:21:29.006+0000] {local_task_job_runner.py:222} INFO - ::endgroup::
